<?xml version="1.0" encoding="UTF-8"?>
<!-- Generated by org.testng.reporters.JUnitReportReporter -->
<testsuite hostname="ShishuRajPandey" name="com.automation.uiautomation.HomePage.TC001_VerifyLoginWithInvalidCredentials" tests="1" failures="0" timestamp="10 Sep 2017 18:55:38 GMT" time="7.483" errors="0">
  <testcase name="loginWithInvalidCredentials" time="7.483" classname="com.automation.uiautomation.HomePage.TC001_VerifyLoginWithInvalidCredentials"/>
</testsuite> <!-- com.automation.uiautomation.HomePage.TC001_VerifyLoginWithInvalidCredentials -->
