<?xml version="1.0" encoding="UTF-8"?>
<!-- Generated by org.testng.reporters.JUnitReportReporter -->
<testsuite hostname="ShishuRajPandey" name="com.automation.uiautomation.HomePage.TC002_VerifyRegistrationFunctionality" tests="1" failures="0" timestamp="10 Sep 2017 18:50:25 GMT" time="13.721" errors="0">
  <testcase name="verifyRegistrationFunctionality" time="13.721" classname="com.automation.uiautomation.HomePage.TC002_VerifyRegistrationFunctionality"/>
</testsuite> <!-- com.automation.uiautomation.HomePage.TC002_VerifyRegistrationFunctionality -->
